0.001 ID=  1      Ask       
0.002 ID=  0 Q= 0 Work       4
0.002 ID=  0 Q= 1 Work       2
0.002 ID=  0 Q= 1 Work       1
0.002 ID=  1      Receive    4
0.002 ID=  3      Ask       
0.002 ID=  0 Q= 2 Work       1
0.002 ID=  0 Q= 2 Sleep      9
0.002 ID=  2      Ask       
0.002 ID=  2      Receive    1
0.002 ID=  3      Receive    2
0.002 ID=  4      Ask       
0.002 ID=  4      Receive    1
0.002 ID=  5      Ask       
0.002 ID=  6      Ask       
0.002 ID=  7      Ask       
0.002 ID=  8      Ask       
0.045 ID=  2      Complete   1
0.045 ID=  2      Ask       
0.045 ID=  4      Complete   1
0.046 ID=  4      Ask       
0.046 ID=  3      Complete   2
0.046 ID=  3      Ask       
0.048 ID=  1      Complete   4
0.048 ID=  1      Ask       
0.572 ID=  0 Q= 0 Work       5
0.572 ID=  0 Q= 1 Sleep      1
0.572 ID=  5      Receive    5
0.619 ID=  5      Complete   5
0.619 ID=  5      Ask       
1.062 ID=  0 Q= 0 Work       1
1.062 ID=  0 Q= 1 Work       1
